app/build/intermediates/manifest_merge_blame_file/debug/manifest-merger-blame-debug-report.txt
1<?xml version="1.0" encoding="utf-8"?>
2<manifest xmlns:android="http://schemas.android.com/apk/res/android"
3    package="com.helpnow"
4    android:versionCode="1"
5    android:versionName="1.0" >
6
7    <uses-sdk
8        android:minSdkVersion="24"
9        android:targetSdkVersion="34" />
10
11    <uses-permission android:name="android.permission.INTERNET" />
11-->src\main\AndroidManifest.xml:5:5-67
11-->src\main\AndroidManifest.xml:5:22-64
12    <uses-permission android:name="android.permission.ACCESS_FINE_LOCATION" />
12-->src\main\AndroidManifest.xml:6:5-79
12-->src\main\AndroidManifest.xml:6:22-76
13    <uses-permission android:name="android.permission.ACCESS_COARSE_LOCATION" />
13-->src\main\AndroidManifest.xml:7:5-81
13-->src\main\AndroidManifest.xml:7:22-78
14    <uses-permission android:name="android.permission.RECORD_AUDIO" />
14-->src\main\AndroidManifest.xml:8:5-71
14-->src\main\AndroidManifest.xml:8:22-68
15    <uses-permission android:name="android.permission.CAMERA" />
15-->src\main\AndroidManifest.xml:9:5-65
15-->src\main\AndroidManifest.xml:9:22-62
16    <uses-permission android:name="android.permission.SEND_SMS" />
16-->src\main\AndroidManifest.xml:10:5-67
16-->src\main\AndroidManifest.xml:10:22-64
17    <uses-permission android:name="android.permission.CALL_PHONE" />
17-->src\main\AndroidManifest.xml:11:5-69
17-->src\main\AndroidManifest.xml:11:22-66
18    <uses-permission android:name="android.permission.ACCESS_NETWORK_STATE" />
18-->src\main\AndroidManifest.xml:12:5-79
18-->src\main\AndroidManifest.xml:12:22-76
19
20    <uses-feature
20-->src\main\AndroidManifest.xml:14:5-16:36
21        android:name="android.hardware.location"
21-->src\main\AndroidManifest.xml:15:9-49
22        android:required="false" />
22-->src\main\AndroidManifest.xml:16:9-33
23    <uses-feature
23-->src\main\AndroidManifest.xml:17:5-19:36
24        android:name="android.hardware.microphone"
24-->src\main\AndroidManifest.xml:18:9-51
25        android:required="false" />
25-->src\main\AndroidManifest.xml:19:9-33
26    <uses-feature
26-->src\main\AndroidManifest.xml:20:5-22:36
27        android:name="android.hardware.camera"
27-->src\main\AndroidManifest.xml:21:9-47
28        android:required="false" />
28-->src\main\AndroidManifest.xml:22:9-33
29    <uses-feature
29-->[com.google.android.gms:play-services-maps:18.2.0] AndroidManifest.xml:26:5-28:35
30        android:glEsVersion="0x00020000"
30-->[com.google.android.gms:play-services-maps:18.2.0] AndroidManifest.xml:27:9-41
31        android:required="true" />
31-->[com.google.android.gms:play-services-maps:18.2.0] AndroidManifest.xml:28:9-32
32
33    <queries>
33-->[com.google.android.gms:play-services-maps:18.2.0] AndroidManifest.xml:30:5-34:15
34
35        <!-- Needs to be explicitly declared on Android R+ -->
36        <package android:name="com.google.android.apps.maps" />
36-->[com.google.android.gms:play-services-maps:18.2.0] AndroidManifest.xml:33:9-64
36-->[com.google.android.gms:play-services-maps:18.2.0] AndroidManifest.xml:33:18-61
37    </queries>
38
39    <permission
39-->[androidx.core:core:1.12.0] AndroidManifest.xml:22:5-24:47
40        android:name="com.helpnow.DYNAMIC_RECEIVER_NOT_EXPORTED_PERMISSION"
40-->[androidx.core:core:1.12.0] AndroidManifest.xml:23:9-81
41        android:protectionLevel="signature" />
41-->[androidx.core:core:1.12.0] AndroidManifest.xml:24:9-44
42
43    <uses-permission android:name="com.helpnow.DYNAMIC_RECEIVER_NOT_EXPORTED_PERMISSION" />
43-->[androidx.core:core:1.12.0] AndroidManifest.xml:26:5-97
43-->[androidx.core:core:1.12.0] AndroidManifest.xml:26:22-94
44
45    <application
45-->src\main\AndroidManifest.xml:24:5-39:19
46        android:allowBackup="true"
46-->src\main\AndroidManifest.xml:25:9-35
47        android:appComponentFactory="androidx.core.app.CoreComponentFactory"
47-->[androidx.core:core:1.12.0] AndroidManifest.xml:28:18-86
48        android:debuggable="true"
49        android:extractNativeLibs="false"
50        android:label="@string/app_name"
50-->src\main\AndroidManifest.xml:26:9-41
51        android:supportsRtl="true"
51-->src\main\AndroidManifest.xml:27:9-35
52        android:testOnly="true"
53        android:theme="@style/Theme.AppCompat.Light.NoActionBar" >
53-->src\main\AndroidManifest.xml:28:9-65
54        <activity
54-->src\main\AndroidManifest.xml:30:9-38:20
55            android:name="com.helpnow.MainActivity"
55-->src\main\AndroidManifest.xml:31:13-41
56            android:exported="true"
56-->src\main\AndroidManifest.xml:32:13-36
57            android:theme="@style/Theme.AppCompat.Light.NoActionBar" >
57-->src\main\AndroidManifest.xml:33:13-69
58            <intent-filter>
58-->src\main\AndroidManifest.xml:34:13-37:29
59                <action android:name="android.intent.action.MAIN" />
59-->src\main\AndroidManifest.xml:35:17-69
59-->src\main\AndroidManifest.xml:35:25-66
60
61                <category android:name="android.intent.category.LAUNCHER" />
61-->src\main\AndroidManifest.xml:36:17-77
61-->src\main\AndroidManifest.xml:36:27-74
62            </intent-filter>
63        </activity>
64        <!-- Needs to be explicitly declared on P+ -->
65        <uses-library
65-->[com.google.android.gms:play-services-maps:18.2.0] AndroidManifest.xml:39:9-41:40
66            android:name="org.apache.http.legacy"
66-->[com.google.android.gms:play-services-maps:18.2.0] AndroidManifest.xml:40:13-50
67            android:required="false" />
67-->[com.google.android.gms:play-services-maps:18.2.0] AndroidManifest.xml:41:13-37
68
69        <activity
69-->[com.google.android.gms:play-services-base:18.1.0] AndroidManifest.xml:20:9-22:45
70            android:name="com.google.android.gms.common.api.GoogleApiActivity"
70-->[com.google.android.gms:play-services-base:18.1.0] AndroidManifest.xml:20:19-85
71            android:exported="false"
71-->[com.google.android.gms:play-services-base:18.1.0] AndroidManifest.xml:22:19-43
72            android:theme="@android:style/Theme.Translucent.NoTitleBar" />
72-->[com.google.android.gms:play-services-base:18.1.0] AndroidManifest.xml:21:19-78
73
74        <meta-data
74-->[com.google.android.gms:play-services-basement:18.1.0] AndroidManifest.xml:21:9-23:69
75            android:name="com.google.android.gms.version"
75-->[com.google.android.gms:play-services-basement:18.1.0] AndroidManifest.xml:22:13-58
76            android:value="@integer/google_play_services_version" />
76-->[com.google.android.gms:play-services-basement:18.1.0] AndroidManifest.xml:23:13-66
77
78        <provider
78-->[androidx.emoji2:emoji2:1.4.0] AndroidManifest.xml:24:9-32:20
79            android:name="androidx.startup.InitializationProvider"
79-->[androidx.emoji2:emoji2:1.4.0] AndroidManifest.xml:25:13-67
80            android:authorities="com.helpnow.androidx-startup"
80-->[androidx.emoji2:emoji2:1.4.0] AndroidManifest.xml:26:13-68
81            android:exported="false" >
81-->[androidx.emoji2:emoji2:1.4.0] AndroidManifest.xml:27:13-37
82            <meta-data
82-->[androidx.emoji2:emoji2:1.4.0] AndroidManifest.xml:29:13-31:52
83                android:name="androidx.emoji2.text.EmojiCompatInitializer"
83-->[androidx.emoji2:emoji2:1.4.0] AndroidManifest.xml:30:17-75
84                android:value="androidx.startup" />
84-->[androidx.emoji2:emoji2:1.4.0] AndroidManifest.xml:31:17-49
85            <meta-data
85-->[androidx.lifecycle:lifecycle-process:2.6.2] AndroidManifest.xml:29:13-31:52
86                android:name="androidx.lifecycle.ProcessLifecycleInitializer"
86-->[androidx.lifecycle:lifecycle-process:2.6.2] AndroidManifest.xml:30:17-78
87                android:value="androidx.startup" />
87-->[androidx.lifecycle:lifecycle-process:2.6.2] AndroidManifest.xml:31:17-49
88            <meta-data
88-->[androidx.profileinstaller:profileinstaller:1.3.0] AndroidManifest.xml:29:13-31:52
89                android:name="androidx.profileinstaller.ProfileInstallerInitializer"
89-->[androidx.profileinstaller:profileinstaller:1.3.0] AndroidManifest.xml:30:17-85
90                android:value="androidx.startup" />
90-->[androidx.profileinstaller:profileinstaller:1.3.0] AndroidManifest.xml:31:17-49
91        </provider>
92
93        <activity
93-->[androidx.compose.ui:ui-test-manifest:1.5.4] AndroidManifest.xml:23:9-25:39
94            android:name="androidx.activity.ComponentActivity"
94-->[androidx.compose.ui:ui-test-manifest:1.5.4] AndroidManifest.xml:24:13-63
95            android:exported="true" />
95-->[androidx.compose.ui:ui-test-manifest:1.5.4] AndroidManifest.xml:25:13-36
96        <activity
96-->[androidx.compose.ui:ui-tooling-android:1.5.4] AndroidManifest.xml:23:9-25:39
97            android:name="androidx.compose.ui.tooling.PreviewActivity"
97-->[androidx.compose.ui:ui-tooling-android:1.5.4] AndroidManifest.xml:24:13-71
98            android:exported="true" />
98-->[androidx.compose.ui:ui-tooling-android:1.5.4] AndroidManifest.xml:25:13-36
99
100        <receiver
100-->[androidx.profileinstaller:profileinstaller:1.3.0] AndroidManifest.xml:34:9-52:20
101            android:name="androidx.profileinstaller.ProfileInstallReceiver"
101-->[androidx.profileinstaller:profileinstaller:1.3.0] AndroidManifest.xml:35:13-76
102            android:directBootAware="false"
102-->[androidx.profileinstaller:profileinstaller:1.3.0] AndroidManifest.xml:36:13-44
103            android:enabled="true"
103-->[androidx.profileinstaller:profileinstaller:1.3.0] AndroidManifest.xml:37:13-35
104            android:exported="true"
104-->[androidx.profileinstaller:profileinstaller:1.3.0] AndroidManifest.xml:38:13-36
105            android:permission="android.permission.DUMP" >
105-->[androidx.profileinstaller:profileinstaller:1.3.0] AndroidManifest.xml:39:13-57
106            <intent-filter>
106-->[androidx.profileinstaller:profileinstaller:1.3.0] AndroidManifest.xml:40:13-42:29
107                <action android:name="androidx.profileinstaller.action.INSTALL_PROFILE" />
107-->[androidx.profileinstaller:profileinstaller:1.3.0] AndroidManifest.xml:41:17-91
107-->[androidx.profileinstaller:profileinstaller:1.3.0] AndroidManifest.xml:41:25-88
108            </intent-filter>
109            <intent-filter>
109-->[androidx.profileinstaller:profileinstaller:1.3.0] AndroidManifest.xml:43:13-45:29
110                <action android:name="androidx.profileinstaller.action.SKIP_FILE" />
110-->[androidx.profileinstaller:profileinstaller:1.3.0] AndroidManifest.xml:44:17-85
110-->[androidx.profileinstaller:profileinstaller:1.3.0] AndroidManifest.xml:44:25-82
111            </intent-filter>
112            <intent-filter>
112-->[androidx.profileinstaller:profileinstaller:1.3.0] AndroidManifest.xml:46:13-48:29
113                <action android:name="androidx.profileinstaller.action.SAVE_PROFILE" />
113-->[androidx.profileinstaller:profileinstaller:1.3.0] AndroidManifest.xml:47:17-88
113-->[androidx.profileinstaller:profileinstaller:1.3.0] AndroidManifest.xml:47:25-85
114            </intent-filter>
115            <intent-filter>
115-->[androidx.profileinstaller:profileinstaller:1.3.0] AndroidManifest.xml:49:13-51:29
116                <action android:name="androidx.profileinstaller.action.BENCHMARK_OPERATION" />
116-->[androidx.profileinstaller:profileinstaller:1.3.0] AndroidManifest.xml:50:17-95
116-->[androidx.profileinstaller:profileinstaller:1.3.0] AndroidManifest.xml:50:25-92
117            </intent-filter>
118        </receiver>
119    </application>
120
121</manifest>